<?xml version="1.0" encoding="UTF-8"?>
<!-- Generated by org.testng.reporters.JUnitReportReporter -->
<testsuite skipped="0" hostname="DESKTOP-SB0NELQ" name="TestNG.Extent_report1" tests="1" failures="0" timestamp="23 Sep 2019 16:23:18 GMT" time="18.852" errors="0">
  <testcase name="verifySeleniumBlog" time="18.852" classname="TestNG.Extent_report1"/>
</testsuite> <!-- TestNG.Extent_report1 -->
