<?xml version="1.0" encoding="UTF-8"?>
<!-- Generated by org.testng.reporters.JUnitReportReporter -->
<testsuite skipped="0" hostname="INFPW06374" name="TestNG.decidingorder" tests="4" failures="0" timestamp="09 Apr 2019 12:14:01 GMT" time="0.016" errors="0">
  <testcase name="insert" time="0.012" classname="TestNG.decidingorder"/>
  <testcase name="update" time="0.002" classname="TestNG.decidingorder"/>
  <testcase name="select" time="0.001" classname="TestNG.decidingorder"/>
  <testcase name="delete" time="0.001" classname="TestNG.decidingorder"/>
</testsuite> <!-- TestNG.decidingorder -->
