<?xml version="1.0" encoding="UTF-8"?>
<!-- Generated by org.testng.reporters.JUnitReportReporter -->
<testsuite skipped="0" hostname="DESKTOP-SB0NELQ" name="TestNG.XMLsuite_groups" tests="6" failures="0" timestamp="10 Aug 2019 19:03:20 GMT" time="0.025" errors="0">
  <testcase name="cleanup" time="0.013" classname="TestNG.XMLsuite_groups"/>
  <testcase name="insert" time="0.001" classname="TestNG.XMLsuite_groups"/>
  <testcase name="update" time="0.005" classname="TestNG.XMLsuite_groups"/>
  <testcase name="delete" time="0.002" classname="TestNG.XMLsuite_groups"/>
  <testcase name="select" time="0.002" classname="TestNG.XMLsuite_groups"/>
  <testcase name="init" time="0.002" classname="TestNG.XMLsuite_groups"/>
</testsuite> <!-- TestNG.XMLsuite_groups -->
