<?xml version="1.0" encoding="UTF-8"?>
<!-- Generated by org.testng.reporters.JUnitReportReporter -->
<testsuite skipped="0" hostname="INFPW06374" name="Datadriven_testNG.reading_writing_excel" tests="3" failures="0" timestamp="22 Apr 2019 09:32:42 GMT" time="27.381" errors="0">
  <testcase name="AddVariants" time="1.801" classname="Datadriven_testNG.reading_writing_excel"/>
  <testcase name="AddVariants" time="23.333" classname="Datadriven_testNG.reading_writing_excel"/>
  <testcase name="AddVariants" time="2.247" classname="Datadriven_testNG.reading_writing_excel"/>
</testsuite> <!-- Datadriven_testNG.reading_writing_excel -->
