<?xml version="1.0" encoding="UTF-8"?>
<!-- Generated by org.testng.reporters.JUnitReportReporter -->
<testsuite skipped="0" hostname="DESKTOP-SB0NELQ" name="POM.GSearch" tests="1" failures="0" timestamp="10 Aug 2019 17:57:31 GMT" time="21.029" errors="0">
  <testcase name="searchingmethod" time="21.029" classname="POM.GSearch"/>
</testsuite> <!-- POM.GSearch -->
