<?xml version="1.0" encoding="UTF-8"?>
<!-- Generated by org.testng.reporters.JUnitReportReporter -->
<testsuite skipped="0" hostname="INFPW06374" name="Datadriven_testNG.datadriven_marker_datadriven" tests="3" failures="0" timestamp="16 Apr 2019 08:58:00 GMT" time="46.909" errors="0">
  <testcase name="AddVariants" time="9.538" classname="Datadriven_testNG.datadriven_marker_datadriven"/>
  <testcase name="AddVariants" time="10.358" classname="Datadriven_testNG.datadriven_marker_datadriven"/>
  <testcase name="AddVariants" time="27.013" classname="Datadriven_testNG.datadriven_marker_datadriven"/>
</testsuite> <!-- Datadriven_testNG.datadriven_marker_datadriven -->
