<?xml version="1.0" encoding="UTF-8"?>
<!-- Generated by org.testng.reporters.JUnitReportReporter -->
<testsuite skipped="0" hostname="INFPW06374" name="Datadriven_testNG.teststatus" tests="3" failures="0" timestamp="22 Apr 2019 11:59:14 GMT" time="23.393" errors="0">
  <testcase name="AddVariants" time="1.860" classname="Datadriven_testNG.teststatus"/>
  <testcase name="AddVariants" time="3.117" classname="Datadriven_testNG.teststatus"/>
  <testcase name="AddVariants" time="18.416" classname="Datadriven_testNG.teststatus"/>
</testsuite> <!-- Datadriven_testNG.teststatus -->
