<?xml version="1.0" encoding="UTF-8"?>
<!-- Generated by org.testng.reporters.JUnitReportReporter -->
<testsuite skipped="0" hostname="DESKTOP-SB0NELQ" name="TestNG.Annotation_breaftr_Method" tests="2" failures="0" timestamp="14 Sep 2019 18:37:17 GMT" time="24.175" errors="0">
  <testcase name="register" time="12.102" classname="TestNG.Annotation_breaftr_Method"/>
  <testcase name="support" time="12.073" classname="TestNG.Annotation_breaftr_Method"/>
</testsuite> <!-- TestNG.Annotation_breaftr_Method -->
