<?xml version="1.0" encoding="UTF-8"?>
<!-- Generated by org.testng.reporters.JUnitReportReporter -->
<testsuite skipped="0" hostname="INFPW06374" name="TestNG.NewTest" tests="2" failures="0" timestamp="09 Apr 2019 14:43:31 GMT" time="25.396" errors="0">
  <testcase name="verifyHomepageTitle" time="12.970" classname="TestNG.NewTest"/>
  <testcase name="verifyHomepageTitle" time="12.426" classname="TestNG.NewTest"/>
</testsuite> <!-- TestNG.NewTest -->
