<?xml version="1.0" encoding="UTF-8"?>
<!-- Generated by org.testng.reporters.JUnitReportReporter -->
<testsuite skipped="0" hostname="DESKTOP-SB0NELQ" name="TestNG.TestNGGroupExample" tests="2" failures="0" timestamp="14 Sep 2019 19:04:39 GMT" time="0.006" errors="0">
  <testcase name="testInsert" time="0.004" classname="TestNG.TestNGGroupExample"/>
  <testcase name="testUpdate" time="0.002" classname="TestNG.TestNGGroupExample"/>
</testsuite> <!-- TestNG.TestNGGroupExample -->
