<?xml version="1.0" encoding="UTF-8"?>
<!-- Generated by org.testng.reporters.JUnitReportReporter -->
<testsuite skipped="0" hostname="DESKTOP-SB0NELQ" name="TestNG.dependency_group" tests="6" failures="0" timestamp="10 Aug 2019 18:59:03 GMT" time="0.018" errors="0">
  <testcase name="update" time="0.001" classname="TestNG.dependency_group"/>
  <testcase name="cleanup" time="0.001" classname="TestNG.dependency_group"/>
  <testcase name="init" time="0.012" classname="TestNG.dependency_group"/>
  <testcase name="select" time="0.001" classname="TestNG.dependency_group"/>
  <testcase name="insert" time="0.001" classname="TestNG.dependency_group"/>
  <testcase name="delete" time="0.002" classname="TestNG.dependency_group"/>
</testsuite> <!-- TestNG.dependency_group -->
