<?xml version="1.0" encoding="UTF-8"?>
<!-- Generated by org.testng.reporters.JUnitReportReporter -->
<testsuite skipped="0" hostname="DESKTOP-SB0NELQ" name="TestNG.Checking_group_annotation" tests="1" failures="0" timestamp="14 Sep 2019 18:48:21 GMT" time="0.006" errors="0">
  <testcase name="login" time="0.006" classname="TestNG.Checking_group_annotation"/>
</testsuite> <!-- TestNG.Checking_group_annotation -->
