<?xml version="1.0" encoding="UTF-8"?>
<!-- Generated by org.testng.reporters.JUnitReportReporter -->
<testsuite skipped="0" hostname="DESKTOP-SB0NELQ" name="TestNG.DependsOnMethods" tests="4" failures="0" timestamp="14 Sep 2019 18:57:23 GMT" time="0.009" errors="0">
  <testcase name="select" time="0.001" classname="TestNG.DependsOnMethods"/>
  <testcase name="delete" time="0.001" classname="TestNG.DependsOnMethods"/>
  <testcase name="insert" time="0.006" classname="TestNG.DependsOnMethods"/>
  <testcase name="update" time="0.001" classname="TestNG.DependsOnMethods"/>
</testsuite> <!-- TestNG.DependsOnMethods -->
