<?xml version="1.0" encoding="UTF-8"?>
<!-- Generated by org.testng.reporters.JUnitReportReporter -->
<testsuite skipped="0" hostname="INFPW06374" name="Datadriven_testNG.Tetng_dtadvn" tests="3" failures="0" timestamp="16 Apr 2019 07:09:00 GMT" time="30.215" errors="0">
  <testcase name="AddVariants" time="14.382" classname="Datadriven_testNG.Tetng_dtadvn"/>
  <testcase name="AddVariants" time="8.419" classname="Datadriven_testNG.Tetng_dtadvn"/>
  <testcase name="AddVariants" time="7.414" classname="Datadriven_testNG.Tetng_dtadvn"/>
</testsuite> <!-- Datadriven_testNG.Tetng_dtadvn -->
