<?xml version="1.0" encoding="UTF-8"?>
<!-- Generated by org.testng.reporters.JUnitReportReporter -->
<testsuite skipped="0" hostname="INFPW06374" name="Datadriven_testNG.Testing" tests="2" failures="0" timestamp="22 Apr 2019 11:17:19 GMT" time="13.883" errors="0">
  <testcase name="LaunchWebsite" time="12.650" classname="Datadriven_testNG.Testing"/>
  <testcase name="FillLoginDetails" time="1.233" classname="Datadriven_testNG.Testing"/>
</testsuite> <!-- Datadriven_testNG.Testing -->
