<?xml version="1.0" encoding="UTF-8"?>
<!-- Generated by org.testng.reporters.JUnitReportReporter -->
<testsuite skipped="0" hostname="DESKTOP-SB0NELQ" name="TestNG.Basic_Annotations" tests="1" failures="0" timestamp="25 Sep 2019 18:47:41 GMT" time="38.392" errors="0">
  <testcase name="verifyHomepageTitle" time="38.392" classname="TestNG.Basic_Annotations"/>
</testsuite> <!-- TestNG.Basic_Annotations -->
